<?xml version="1.0" encoding="UTF-8"?>
<!-- Generated by org.testng.reporters.JUnitXMLReporter -->
<testsuite hostname="DESKTOP-E1I6S0F" ignored="0" name="Default test" tests="4" failures="0" timestamp="2020-12-28T10:36:13 IST" time="62.338" errors="0">
  <testcase name="goesTillFourthPage" time="42.24" classname="com.staysTestRunner.InvalidFourthPageRunner"/>
  <testcase name="emptyField" time="6.17" classname="com.staysTestRunner.InvalidFourthPageRunner"/>
  <testcase name="invalidMobile" time="2.89" classname="com.staysTestRunner.InvalidFourthPageRunner"/>
  <testcase name="onlyfName" time="0.927" classname="com.staysTestRunner.InvalidFourthPageRunner"/>
</testsuite> <!-- Default test -->
