<?xml version="1.0" encoding="UTF-8"?>
<!-- Generated by org.testng.reporters.JUnitXMLReporter -->
<testsuite hostname="DESKTOP-E1I6S0F" ignored="0" name="Test3" tests="4" failures="0" timestamp="2020-12-29T10:00:56 IST" time="50.238" errors="0">
  <testcase name="goesTillFourthPage" time="30.994" classname="com.staysTestRunner.InvalidFourthPageRunner"/>
  <testcase name="emptyField" time="6.779" classname="com.staysTestRunner.InvalidFourthPageRunner"/>
  <testcase name="invalidMobile" time="2.859" classname="com.staysTestRunner.InvalidFourthPageRunner"/>
  <testcase name="onlyfName" time="0.831" classname="com.staysTestRunner.InvalidFourthPageRunner"/>
</testsuite> <!-- Test3 -->
