<?xml version="1.0" encoding="UTF-8"?>
<!-- Generated by org.testng.reporters.JUnitXMLReporter -->
<testsuite hostname="DESKTOP-E1I6S0F" ignored="0" name="Test2" tests="4" failures="0" timestamp="2020-12-29T10:00:06 IST" time="45.569" errors="0">
  <testcase name="staysFirstPage" time="14.209" classname="com.staysTestRunner.StaysRunner"/>
  <testcase name="staysSecondPage" time="11.641" classname="com.staysTestRunner.StaysRunner"/>
  <testcase name="staysThirdPage" time="3.152" classname="com.staysTestRunner.StaysRunner"/>
  <testcase name="staysFourthPage" time="3.852" classname="com.staysTestRunner.StaysRunner"/>
</testsuite> <!-- Test2 -->
