<?xml version="1.0" encoding="UTF-8"?>
<!-- Generated by org.testng.reporters.JUnitXMLReporter -->
<testsuite hostname="DESKTOP-E1I6S0F" ignored="0" name="Test3" tests="4" failures="0" timestamp="29 Dec 2020 05:19:58 GMT" time="55.487" errors="0">
  <testcase name="goesTillFourthPage" time="34.718" classname="com.staysTestRunner.InvalidFourthPageRunner"/>
  <testcase name="invalidMobile" time="3.849" classname="com.staysTestRunner.InvalidFourthPageRunner"/>
  <testcase name="emptyField" time="6.484" classname="com.staysTestRunner.InvalidFourthPageRunner"/>
  <testcase name="onlyfName" time="1.024" classname="com.staysTestRunner.InvalidFourthPageRunner"/>
</testsuite> <!-- Test3 -->
