<?xml version="1.0" encoding="UTF-8"?>
<!-- Generated by org.testng.reporters.JUnitXMLReporter -->
<testsuite hostname="DESKTOP-E1I6S0F" ignored="0" name="Test2" tests="4" failures="0" timestamp="29 Dec 2020 05:19:03 GMT" time="51.798" errors="0">
  <testcase name="staysFirstPage" time="22.699" classname="com.staysTestRunner.StaysRunner"/>
  <testcase name="staysSecondPage" time="7.013" classname="com.staysTestRunner.StaysRunner"/>
  <testcase name="staysThirdPage" time="3.114" classname="com.staysTestRunner.StaysRunner"/>
  <testcase name="staysFourthPage" time="5.827" classname="com.staysTestRunner.StaysRunner"/>
</testsuite> <!-- Test2 -->
