<?xml version="1.0" encoding="UTF-8"?>
<testsuite xmlns:xsi="http://www.w3.org/2001/XMLSchema-instance" xsi:noNamespaceSchemaLocation="https://maven.apache.org/surefire/maven-surefire-plugin/xsd/surefire-test-report.xsd" name="TestSuite" time="142.107" tests="10" errors="0" skipped="0" failures="0">
  <properties>
[...]
</properties>
  <testcase name="emptyCityInvalid" classname="com.staysTestRunner.InvalidFirstPageRunner" time="18.695"/>
  <testcase name="inputCityInvalid" classname="com.staysTestRunner.InvalidFirstPageRunner" time="7.864"/>
  <testcase name="staysFirstPage" classname="com.staysTestRunner.StaysRunner" time="23.441"/>
  <testcase name="staysSecondPage" classname="com.staysTestRunner.StaysRunner" time="11.923"/>
  <testcase name="staysThirdPage" classname="com.staysTestRunner.StaysRunner" time="6.521"/>
  <testcase name="staysFourthPage" classname="com.staysTestRunner.StaysRunner" time="6.277"/>
  <testcase name="goesTillFourthPage" classname="com.staysTestRunner.InvalidFourthPageRunner" time="38.919"/>
  <testcase name="invalidMobile" classname="com.staysTestRunner.InvalidFourthPageRunner" time="4.547"/>
  <testcase name="emptyField" classname="com.staysTestRunner.InvalidFourthPageRunner" time="6.924"/>
  <testcase name="onlyfName" classname="com.staysTestRunner.InvalidFourthPageRunner" time="1.571"/>
</testsuite>