<?xml version="1.0" encoding="UTF-8"?>
<testng-results skipped="0" failed="0" ignored="0" total="10" passed="10">
  <reporter-output>
  </reporter-output>
  <suite name="Suite" duration-ms="132832" started-at="2020-12-29T09:58:44 IST" finished-at="2020-12-29T10:00:56 IST">
    <groups>
    </groups>
    <test name="Test1" duration-ms="36620" started-at="2020-12-29T09:58:44 IST" finished-at="2020-12-29T09:59:20 IST">
      <class name="com.staysTestRunner.InvalidFirstPageRunner">
        <test-method status="PASS" signature="beforeTest()[pri:0, instance:com.staysTestRunner.InvalidFirstPageRunner@12b0404f]" name="beforeTest" is-config="true" duration-ms="16750" started-at="2020-12-29T09:58:44 IST" finished-at="2020-12-29T09:59:00 IST">
          <reporter-output>
          </reporter-output>
        </test-method> <!-- beforeTest -->
        <test-method status="PASS" signature="emptyCityInvalid()[pri:0, instance:com.staysTestRunner.InvalidFirstPageRunner@12b0404f]" name="emptyCityInvalid" duration-ms="12696" started-at="2020-12-29T09:59:00 IST" description="Empty City Invalid Test Case" finished-at="2020-12-29T09:59:13 IST">
          <reporter-output>
          </reporter-output>
        </test-method> <!-- emptyCityInvalid -->
        <test-method status="PASS" signature="inputCityInvalid()[pri:1, instance:com.staysTestRunner.InvalidFirstPageRunner@12b0404f]" name="inputCityInvalid" duration-ms="5703" started-at="2020-12-29T09:59:14 IST" description="Invalid City Invalid Test Case" finished-at="2020-12-29T09:59:20 IST">
          <reporter-output>
          </reporter-output>
        </test-method> <!-- inputCityInvalid -->
        <test-method status="PASS" signature="afterTest()[pri:0, instance:com.staysTestRunner.InvalidFirstPageRunner@12b0404f]" name="afterTest" is-config="true" duration-ms="2" started-at="2020-12-29T09:59:20 IST" finished-at="2020-12-29T09:59:20 IST">
          <reporter-output>
          </reporter-output>
        </test-method> <!-- afterTest -->
      </class> <!-- com.staysTestRunner.InvalidFirstPageRunner -->
    </test> <!-- Test1 -->
    <test name="Test2" duration-ms="45569" started-at="2020-12-29T09:59:21 IST" finished-at="2020-12-29T10:00:06 IST">
      <class name="com.staysTestRunner.StaysRunner">
        <test-method status="PASS" signature="beforeTest()[pri:0, instance:com.staysTestRunner.StaysRunner@7880cdf3]" name="beforeTest" is-config="true" duration-ms="3533" started-at="2020-12-29T09:59:21 IST" finished-at="2020-12-29T09:59:24 IST">
          <reporter-output>
          </reporter-output>
        </test-method> <!-- beforeTest -->
        <test-method status="PASS" signature="staysFirstPage()[pri:0, instance:com.staysTestRunner.StaysRunner@7880cdf3]" name="staysFirstPage" duration-ms="14209" started-at="2020-12-29T09:59:24 IST" finished-at="2020-12-29T09:59:38 IST">
          <reporter-output>
          </reporter-output>
        </test-method> <!-- staysFirstPage -->
        <test-method status="PASS" signature="staysSecondPage()[pri:0, instance:com.staysTestRunner.StaysRunner@7880cdf3]" name="staysSecondPage" duration-ms="11641" started-at="2020-12-29T09:59:39 IST" depends-on-methods="com.staysTestRunner.StaysRunner.staysFirstPage" finished-at="2020-12-29T09:59:51 IST">
          <reporter-output>
          </reporter-output>
        </test-method> <!-- staysSecondPage -->
        <test-method status="PASS" signature="staysThirdPage()[pri:0, instance:com.staysTestRunner.StaysRunner@7880cdf3]" name="staysThirdPage" duration-ms="3152" started-at="2020-12-29T09:59:55 IST" depends-on-methods="com.staysTestRunner.StaysRunner.staysFirstPage, com.staysTestRunner.StaysRunner.staysSecondPage" finished-at="2020-12-29T09:59:58 IST">
          <reporter-output>
          </reporter-output>
        </test-method> <!-- staysThirdPage -->
        <test-method status="PASS" signature="staysFourthPage()[pri:0, instance:com.staysTestRunner.StaysRunner@7880cdf3]" name="staysFourthPage" duration-ms="3852" started-at="2020-12-29T10:00:02 IST" depends-on-methods="com.staysTestRunner.StaysRunner.staysFirstPage, com.staysTestRunner.StaysRunner.staysSecondPage, com.staysTestRunner.StaysRunner.staysThirdPage" finished-at="2020-12-29T10:00:06 IST">
          <reporter-output>
          </reporter-output>
        </test-method> <!-- staysFourthPage -->
        <test-method status="PASS" signature="afterTest()[pri:0, instance:com.staysTestRunner.StaysRunner@7880cdf3]" name="afterTest" is-config="true" duration-ms="0" started-at="2020-12-29T10:00:06 IST" finished-at="2020-12-29T10:00:06 IST">
          <reporter-output>
          </reporter-output>
        </test-method> <!-- afterTest -->
      </class> <!-- com.staysTestRunner.StaysRunner -->
    </test> <!-- Test2 -->
    <test name="Test3" duration-ms="50238" started-at="2020-12-29T10:00:06 IST" finished-at="2020-12-29T10:00:56 IST">
      <class name="com.staysTestRunner.InvalidFourthPageRunner">
        <test-method status="PASS" signature="beforeTest()[pri:0, instance:com.staysTestRunner.InvalidFourthPageRunner@76908cc0]" name="beforeTest" is-config="true" duration-ms="3649" started-at="2020-12-29T10:00:06 IST" finished-at="2020-12-29T10:00:10 IST">
          <reporter-output>
          </reporter-output>
        </test-method> <!-- beforeTest -->
        <test-method status="PASS" signature="goesTillFourthPage()[pri:2, instance:com.staysTestRunner.InvalidFourthPageRunner@76908cc0]" name="goesTillFourthPage" duration-ms="30994" started-at="2020-12-29T10:00:10 IST" description="All Invalid Test Cases of fourth Page" finished-at="2020-12-29T10:00:41 IST">
          <reporter-output>
          </reporter-output>
        </test-method> <!-- goesTillFourthPage -->
        <test-method status="PASS" signature="emptyField()[pri:0, instance:com.staysTestRunner.InvalidFourthPageRunner@76908cc0]" name="emptyField" duration-ms="6779" started-at="2020-12-29T10:00:45 IST" depends-on-methods="com.staysTestRunner.InvalidFourthPageRunner.goesTillFourthPage" finished-at="2020-12-29T10:00:51 IST">
          <reporter-output>
          </reporter-output>
        </test-method> <!-- emptyField -->
        <test-method status="PASS" signature="invalidMobile()[pri:0, instance:com.staysTestRunner.InvalidFourthPageRunner@76908cc0]" name="invalidMobile" duration-ms="2859" started-at="2020-12-29T10:00:52 IST" depends-on-methods="com.staysTestRunner.InvalidFourthPageRunner.goesTillFourthPage" finished-at="2020-12-29T10:00:55 IST">
          <reporter-output>
          </reporter-output>
        </test-method> <!-- invalidMobile -->
        <test-method status="PASS" signature="onlyfName()[pri:0, instance:com.staysTestRunner.InvalidFourthPageRunner@76908cc0]" name="onlyfName" duration-ms="831" started-at="2020-12-29T10:00:55 IST" depends-on-methods="com.staysTestRunner.InvalidFourthPageRunner.goesTillFourthPage" finished-at="2020-12-29T10:00:56 IST">
          <reporter-output>
          </reporter-output>
        </test-method> <!-- onlyfName -->
        <test-method status="PASS" signature="afterTest()[pri:0, instance:com.staysTestRunner.InvalidFourthPageRunner@76908cc0]" name="afterTest" is-config="true" duration-ms="1" started-at="2020-12-29T10:00:56 IST" finished-at="2020-12-29T10:00:56 IST">
          <reporter-output>
          </reporter-output>
        </test-method> <!-- afterTest -->
      </class> <!-- com.staysTestRunner.InvalidFourthPageRunner -->
    </test> <!-- Test3 -->
  </suite> <!-- Suite -->
</testng-results>
